
SQL*Loader: Release 11.2.0.2.0 - Production on Jue Nov 23 23:50:29 2023

Copyright (c) 1982, 2009, Oracle and/or its affiliates.  All rights reserved.

Control File:   contrato.ctl
Data File:      contrato.csv
  Bad File:     contrato.bad
  Discard File:  none specified
 
 (Allow all discards)

Number to load: ALL
Number to skip: 0
Errors allowed: 50
Bind array:     64 rows, maximum of 256000 bytes
Continuation:    none specified
Path used:      Conventional

Table CONTRATO, loaded from every logical record.
Insert option in effect for this table: APPEND
TRAILING NULLCOLS option in effect

   Column Name                  Position   Len  Term Encl Datatype
------------------------------ ---------- ----- ---- ---- ---------------------
CON_ID                              FIRST     *   ,  O(") CHARACTER            
TIPCON_ID                            NEXT     *   ,  O(") CHARACTER            
EMP_ID                               NEXT     *   ,  O(") CHARACTER            
MODCON_ID                            NEXT     *   ,  O(") CHARACTER            
MON_ID                               NEXT     *   ,  O(") CHARACTER            
CON_FOLIO                            NEXT     *   ,  O(") CHARACTER            
CON_FECHA_INICIO                     NEXT     *   ,  O(") DATE MM/DD/YYYY      
CON_FECHA_FIN                        NEXT     *   ,  O(") DATE MM/DD/YYYY      

Record 1: Rejected - Error on table CONTRATO, column CON_ID.
ORA-01722: invalid number


Table CONTRATO:
  100 Rows successfully loaded.
  1 Row not loaded due to data errors.
  0 Rows not loaded because all WHEN clauses were failed.
  0 Rows not loaded because all fields were null.


Space allocated for bind array:                 132096 bytes(64 rows)
Read   buffer bytes: 1048576

Total logical records skipped:          0
Total logical records read:           101
Total logical records rejected:         1
Total logical records discarded:        0

Run began on Jue Nov 23 23:50:29 2023
Run ended on Jue Nov 23 23:50:29 2023

Elapsed time was:     00:00:00.10
CPU time was:         00:00:00.04
