
SQL*Loader: Release 11.2.0.2.0 - Production on Vie Nov 24 00:15:53 2023

Copyright (c) 1982, 2009, Oracle and/or its affiliates.  All rights reserved.

Control File:   posicion_contrato.ctl
Data File:      posicion_contrato.csv
  Bad File:     posicion_contrato.bad
  Discard File:  none specified
 
 (Allow all discards)

Number to load: ALL
Number to skip: 0
Errors allowed: 50
Bind array:     64 rows, maximum of 256000 bytes
Continuation:    none specified
Path used:      Conventional

Table POSICION_CONTRATO, loaded from every logical record.
Insert option in effect for this table: APPEND
TRAILING NULLCOLS option in effect

   Column Name                  Position   Len  Term Encl Datatype
------------------------------ ---------- ----- ---- ---- ---------------------
CON_ID                              FIRST     *   ,  O(") CHARACTER            
POS_ID                               NEXT     *   ,  O(") CHARACTER            
POSCON_FECHA_INICIO                  NEXT     *   ,  O(") DATE MM/DD/YYYY      
POSCON_FECHA_FIN                     NEXT     *   ,  O(") DATE MM/DD/YYYY      
POSCON_CARACTERISTICA                NEXT     *   ,  O(") CHARACTER            

Record 1: Rejected - Error on table POSICION_CONTRATO, column CON_ID.
ORA-01722: invalid number


Table POSICION_CONTRATO:
  100 Rows successfully loaded.
  1 Row not loaded due to data errors.
  0 Rows not loaded because all WHEN clauses were failed.
  0 Rows not loaded because all fields were null.


Space allocated for bind array:                  82560 bytes(64 rows)
Read   buffer bytes: 1048576

Total logical records skipped:          0
Total logical records read:           101
Total logical records rejected:         1
Total logical records discarded:        0

Run began on Vie Nov 24 00:15:53 2023
Run ended on Vie Nov 24 00:15:53 2023

Elapsed time was:     00:00:00.10
CPU time was:         00:00:00.03
