
SQL*Loader: Release 11.2.0.2.0 - Production on Jue Nov 23 23:29:16 2023

Copyright (c) 1982, 2009, Oracle and/or its affiliates.  All rights reserved.

Control File:   posicion.ctl
Data File:      posiciones.csv
  Bad File:     posiciones.bad
  Discard File:  none specified
 
 (Allow all discards)

Number to load: ALL
Number to skip: 0
Errors allowed: 50
Bind array:     64 rows, maximum of 256000 bytes
Continuation:    none specified
Path used:      Conventional

Table POSICION, loaded from every logical record.
Insert option in effect for this table: APPEND
TRAILING NULLCOLS option in effect

   Column Name                  Position   Len  Term Encl Datatype
------------------------------ ---------- ----- ---- ---- ---------------------
POS_ID                              FIRST     *   ,  O(") CHARACTER            
JEFE_ID                              NEXT     *   ,  O(") CHARACTER            
SED_ID                               NEXT     *   ,  O(") CHARACTER            
PERCAR_ID                            NEXT     *   ,  O(") CHARACTER            
AREA_ID                              NEXT     *   ,  O(") CHARACTER            
POS_CATEGORIA                        NEXT     *   ,  O(") CHARACTER            
POS_LIMITE_PLAZAS                    NEXT     *   ,  O(") CHARACTER            

Record 1: Rejected - Error on table POSICION, column POS_ID.
ORA-01722: invalid number


Table POSICION:
  100 Rows successfully loaded.
  1 Row not loaded due to data errors.
  0 Rows not loaded because all WHEN clauses were failed.
  0 Rows not loaded because all fields were null.


Space allocated for bind array:                 115584 bytes(64 rows)
Read   buffer bytes: 1048576

Total logical records skipped:          0
Total logical records read:           101
Total logical records rejected:         1
Total logical records discarded:        0

Run began on Jue Nov 23 23:29:16 2023
Run ended on Jue Nov 23 23:29:16 2023

Elapsed time was:     00:00:00.09
CPU time was:         00:00:00.04
