
SQL*Loader: Release 11.2.0.2.0 - Production on Vie Nov 24 00:42:25 2023

Copyright (c) 1982, 2009, Oracle and/or its affiliates.  All rights reserved.

Control File:   seguridadsocial_contrato.ctl
Data File:      seguridadsocial_contrato_2.csv
  Bad File:     seguridadsocial_contrato_2.bad
  Discard File:  none specified
 
 (Allow all discards)

Number to load: ALL
Number to skip: 0
Errors allowed: 50
Bind array:     64 rows, maximum of 256000 bytes
Continuation:    none specified
Path used:      Conventional

Table CONTRATO_SEGURIDADSOCIAL, loaded from every logical record.
Insert option in effect for this table: APPEND
TRAILING NULLCOLS option in effect

   Column Name                  Position   Len  Term Encl Datatype
------------------------------ ---------- ----- ---- ---- ---------------------
CON_ID                              FIRST     *   ,  O(") CHARACTER            
SEGSOC_ID                            NEXT     *   ,  O(") CHARACTER            
CONSEG_FECHA_INICIO                  NEXT     *   ,  O(") DATE MM/DD/YYYY      
CONSEG_CODIGO_DOCUMENTO              NEXT     *   ,  O(") CHARACTER            
CONSEG_FECHA_FINALIZACION            NEXT     *   ,  O(") DATE MM/DD/YYYY      

Record 1: Rejected - Error on table CONTRATO_SEGURIDADSOCIAL, column CON_ID.
ORA-01722: invalid number


Table CONTRATO_SEGURIDADSOCIAL:
  100 Rows successfully loaded.
  1 Row not loaded due to data errors.
  0 Rows not loaded because all WHEN clauses were failed.
  0 Rows not loaded because all fields were null.


Space allocated for bind array:                  82560 bytes(64 rows)
Read   buffer bytes: 1048576

Total logical records skipped:          0
Total logical records read:           101
Total logical records rejected:         1
Total logical records discarded:        0

Run began on Vie Nov 24 00:42:25 2023
Run ended on Vie Nov 24 00:42:25 2023

Elapsed time was:     00:00:00.10
CPU time was:         00:00:00.03
